{"name":"hexo","hostname":"amos-personal","pid":11172,"level":20,"msg":"Writing database to /home/amos/dev/amosbatista.com/texts/db.json","time":"2019-06-29T22:21:03.278Z","v":0}
{"name":"hexo","hostname":"amos-personal","pid":11172,"level":20,"msg":"Hexo version: \u001b[35m3.9.0\u001b[39m","time":"2019-06-29T22:21:03.287Z","v":0}
{"name":"hexo","hostname":"amos-personal","pid":11172,"level":20,"msg":"Working directory: \u001b[35m~/dev/amosbatista.com/texts/\u001b[39m","time":"2019-06-29T22:21:03.288Z","v":0}
{"name":"hexo","hostname":"amos-personal","pid":11314,"level":20,"msg":"Writing database to /home/amos/dev/amosbatista.com/texts/db.json","time":"2019-06-29T22:21:39.649Z","v":0}
{"name":"hexo","hostname":"amos-personal","pid":11314,"level":20,"msg":"Hexo version: \u001b[35m3.9.0\u001b[39m","time":"2019-06-29T22:21:39.658Z","v":0}
{"name":"hexo","hostname":"amos-personal","pid":11314,"level":20,"msg":"Working directory: \u001b[35m~/dev/amosbatista.com/texts/\u001b[39m","time":"2019-06-29T22:21:39.658Z","v":0}
{"name":"hexo","hostname":"amos-personal","pid":12032,"level":20,"msg":"Writing database to /home/amos/dev/amosbatista.com/texts/db.json","time":"2019-06-29T22:30:07.947Z","v":0}
{"name":"hexo","hostname":"amos-personal","pid":12032,"level":40,"msg":"Config file _texts_config.yml not found, using default.","time":"2019-06-29T22:30:07.949Z","v":0}
{"name":"hexo","hostname":"amos-personal","pid":12032,"level":20,"msg":"Hexo version: \u001b[35m3.9.0\u001b[39m","time":"2019-06-29T22:30:07.957Z","v":0}
{"name":"hexo","hostname":"amos-personal","pid":12032,"level":20,"msg":"Working directory: \u001b[35m~/dev/amosbatista.com/texts/\u001b[39m","time":"2019-06-29T22:30:07.957Z","v":0}
{"name":"hexo","hostname":"amos-personal","pid":12065,"level":20,"msg":"Writing database to /home/amos/dev/amosbatista.com/texts/db.json","time":"2019-06-29T22:30:22.069Z","v":0}
{"name":"hexo","hostname":"amos-personal","pid":12065,"level":20,"msg":"Hexo version: \u001b[35m3.9.0\u001b[39m","time":"2019-06-29T22:30:22.078Z","v":0}
{"name":"hexo","hostname":"amos-personal","pid":12065,"level":20,"msg":"Working directory: \u001b[35m~/dev/amosbatista.com/texts/\u001b[39m","time":"2019-06-29T22:30:22.079Z","v":0}
{"name":"hexo","hostname":"amos-personal","pid":13072,"level":20,"msg":"Writing database to /home/amos/dev/amosbatista.com/texts/db.json","time":"2019-06-29T22:56:35.083Z","v":0}
{"name":"hexo","hostname":"amos-personal","pid":13072,"level":20,"msg":"Hexo version: \u001b[35m3.9.0\u001b[39m","time":"2019-06-29T22:56:35.092Z","v":0}
{"name":"hexo","hostname":"amos-personal","pid":13072,"level":20,"msg":"Working directory: \u001b[35m~/dev/amosbatista.com/texts/\u001b[39m","time":"2019-06-29T22:56:35.093Z","v":0}
{"name":"hexo","hostname":"amos-personal","pid":13130,"level":20,"msg":"Writing database to /home/amos/dev/amosbatista.com/texts/db.json","time":"2019-06-29T22:57:03.286Z","v":0}
{"name":"hexo","hostname":"amos-personal","pid":13130,"level":20,"msg":"Hexo version: \u001b[35m3.9.0\u001b[39m","time":"2019-06-29T22:57:03.295Z","v":0}
{"name":"hexo","hostname":"amos-personal","pid":13130,"level":20,"msg":"Working directory: \u001b[35m~/dev/amosbatista.com/texts/\u001b[39m","time":"2019-06-29T22:57:03.296Z","v":0}
{"name":"hexo","hostname":"amos-personal","pid":13294,"level":20,"msg":"Writing database to /home/amos/dev/amosbatista.com/texts/db.json","time":"2019-06-29T23:00:26.926Z","v":0}
{"name":"hexo","hostname":"amos-personal","pid":13294,"level":20,"msg":"Hexo version: \u001b[35m3.9.0\u001b[39m","time":"2019-06-29T23:00:26.938Z","v":0}
{"name":"hexo","hostname":"amos-personal","pid":13294,"level":20,"msg":"Working directory: \u001b[35m~/dev/amosbatista.com/texts/\u001b[39m","time":"2019-06-29T23:00:26.938Z","v":0}
{"name":"hexo","hostname":"amos-personal","pid":13330,"level":20,"msg":"Writing database to /home/amos/dev/amosbatista.com/texts/db.json","time":"2019-06-29T23:01:00.344Z","v":0}
{"name":"hexo","hostname":"amos-personal","pid":13330,"level":20,"msg":"Hexo version: \u001b[35m3.9.0\u001b[39m","time":"2019-06-29T23:01:00.356Z","v":0}
{"name":"hexo","hostname":"amos-personal","pid":13330,"level":20,"msg":"Working directory: \u001b[35m~/dev/amosbatista.com/texts/\u001b[39m","time":"2019-06-29T23:01:00.356Z","v":0}
{"name":"hexo","hostname":"amos-personal","pid":13389,"level":20,"msg":"Writing database to /home/amos/dev/amosbatista.com/texts/db.json","time":"2019-06-29T23:01:46.947Z","v":0}
{"name":"hexo","hostname":"amos-personal","pid":13389,"level":20,"msg":"Hexo version: \u001b[35m3.9.0\u001b[39m","time":"2019-06-29T23:01:46.956Z","v":0}
{"name":"hexo","hostname":"amos-personal","pid":13389,"level":20,"msg":"Working directory: \u001b[35m~/dev/amosbatista.com/texts/\u001b[39m","time":"2019-06-29T23:01:46.957Z","v":0}
{"name":"hexo","hostname":"amos-personal","pid":13425,"level":20,"msg":"Writing database to /home/amos/dev/amosbatista.com/texts/db.json","time":"2019-06-29T23:02:04.864Z","v":0}
{"name":"hexo","hostname":"amos-personal","pid":13425,"level":20,"msg":"Hexo version: \u001b[35m3.9.0\u001b[39m","time":"2019-06-29T23:02:04.873Z","v":0}
{"name":"hexo","hostname":"amos-personal","pid":13425,"level":20,"msg":"Working directory: \u001b[35m~/dev/amosbatista.com/texts/\u001b[39m","time":"2019-06-29T23:02:04.874Z","v":0}
{"name":"hexo","hostname":"amos-personal","pid":13482,"level":20,"msg":"Writing database to /home/amos/dev/amosbatista.com/texts/db.json","time":"2019-06-29T23:02:42.716Z","v":0}
{"name":"hexo","hostname":"amos-personal","pid":13482,"level":20,"msg":"Hexo version: \u001b[35m3.9.0\u001b[39m","time":"2019-06-29T23:02:42.725Z","v":0}
{"name":"hexo","hostname":"amos-personal","pid":13482,"level":20,"msg":"Working directory: \u001b[35m~/dev/amosbatista.com/texts/\u001b[39m","time":"2019-06-29T23:02:42.725Z","v":0}
{"name":"hexo","hostname":"amos-personal","pid":13526,"level":20,"msg":"Writing database to /home/amos/dev/amosbatista.com/texts/db.json","time":"2019-06-29T23:03:21.518Z","v":0}
{"name":"hexo","hostname":"amos-personal","pid":13526,"level":20,"msg":"Hexo version: \u001b[35m3.9.0\u001b[39m","time":"2019-06-29T23:03:21.527Z","v":0}
{"name":"hexo","hostname":"amos-personal","pid":13526,"level":20,"msg":"Working directory: \u001b[35m~/dev/amosbatista.com/texts/\u001b[39m","time":"2019-06-29T23:03:21.527Z","v":0}
{"name":"hexo","hostname":"amos-personal","pid":13586,"level":20,"msg":"Writing database to /home/amos/dev/amosbatista.com/texts/db.json","time":"2019-06-29T23:04:00.076Z","v":0}
{"name":"hexo","hostname":"amos-personal","pid":13586,"level":20,"msg":"Hexo version: \u001b[35m3.9.0\u001b[39m","time":"2019-06-29T23:04:00.085Z","v":0}
{"name":"hexo","hostname":"amos-personal","pid":13586,"level":20,"msg":"Working directory: \u001b[35m~/dev/amosbatista.com/texts/\u001b[39m","time":"2019-06-29T23:04:00.085Z","v":0}
{"name":"hexo","hostname":"amos-personal","pid":14383,"level":20,"msg":"Writing database to /home/amos/dev/amosbatista.com/texts/db.json","time":"2019-06-29T23:33:03.115Z","v":0}
{"name":"hexo","hostname":"amos-personal","pid":14383,"level":20,"msg":"Hexo version: \u001b[35m3.9.0\u001b[39m","time":"2019-06-29T23:33:03.125Z","v":0}
{"name":"hexo","hostname":"amos-personal","pid":14383,"level":20,"msg":"Working directory: \u001b[35m~/dev/amosbatista.com/texts/\u001b[39m","time":"2019-06-29T23:33:03.125Z","v":0}
{"name":"hexo","hostname":"amos-personal","pid":14415,"level":20,"msg":"Writing database to /home/amos/dev/amosbatista.com/texts/db.json","time":"2019-06-29T23:33:30.904Z","v":0}
{"name":"hexo","hostname":"amos-personal","pid":14415,"level":20,"msg":"Hexo version: \u001b[35m3.9.0\u001b[39m","time":"2019-06-29T23:33:30.917Z","v":0}
{"name":"hexo","hostname":"amos-personal","pid":14415,"level":20,"msg":"Working directory: \u001b[35m~/dev/amosbatista.com/texts/\u001b[39m","time":"2019-06-29T23:33:30.917Z","v":0}
{"name":"hexo","hostname":"amos-personal","pid":14415,"level":30,"msg":"Start processing","time":"2019-06-29T23:33:30.967Z","v":0}
{"name":"hexo","hostname":"amos-personal","pid":14415,"level":20,"msg":"Generator: \u001b[35mpage\u001b[39m","time":"2019-06-29T23:33:30.972Z","v":0}
{"name":"hexo","hostname":"amos-personal","pid":14415,"level":20,"msg":"Generator: \u001b[35mpost\u001b[39m","time":"2019-06-29T23:33:30.972Z","v":0}
{"name":"hexo","hostname":"amos-personal","pid":14415,"level":20,"msg":"Generator: \u001b[35masset\u001b[39m","time":"2019-06-29T23:33:30.972Z","v":0}
{"name":"hexo","hostname":"amos-personal","pid":14460,"level":20,"msg":"Writing database to /home/amos/dev/amosbatista.com/texts/db.json","time":"2019-06-29T23:34:15.878Z","v":0}
{"name":"hexo","hostname":"amos-personal","pid":14460,"level":20,"msg":"Hexo version: \u001b[35m3.9.0\u001b[39m","time":"2019-06-29T23:34:15.887Z","v":0}
{"name":"hexo","hostname":"amos-personal","pid":14460,"level":20,"msg":"Working directory: \u001b[35m~/dev/amosbatista.com/texts/\u001b[39m","time":"2019-06-29T23:34:15.887Z","v":0}
{"name":"hexo","hostname":"amos-personal","pid":14592,"level":20,"msg":"Writing database to /home/amos/dev/amosbatista.com/texts/db.json","time":"2019-06-29T23:36:31.885Z","v":0}
{"name":"hexo","hostname":"amos-personal","pid":14592,"level":20,"msg":"Hexo version: \u001b[35m3.9.0\u001b[39m","time":"2019-06-29T23:36:31.894Z","v":0}
{"name":"hexo","hostname":"amos-personal","pid":14592,"level":20,"msg":"Working directory: \u001b[35m~/dev/amosbatista.com/texts/\u001b[39m","time":"2019-06-29T23:36:31.894Z","v":0}
{"name":"hexo","hostname":"amos-personal","pid":14628,"level":20,"msg":"Writing database to /home/amos/dev/amosbatista.com/texts/db.json","time":"2019-06-29T23:36:48.360Z","v":0}
{"name":"hexo","hostname":"amos-personal","pid":14628,"level":20,"msg":"Hexo version: \u001b[35m3.9.0\u001b[39m","time":"2019-06-29T23:36:48.369Z","v":0}
{"name":"hexo","hostname":"amos-personal","pid":14628,"level":20,"msg":"Working directory: \u001b[35m~/dev/amosbatista.com/texts/\u001b[39m","time":"2019-06-29T23:36:48.370Z","v":0}
{"name":"hexo","hostname":"amos-personal","pid":14695,"level":20,"msg":"Writing database to /home/amos/dev/amosbatista.com/texts/db.json","time":"2019-06-29T23:37:10.409Z","v":0}
{"name":"hexo","hostname":"amos-personal","pid":14695,"level":20,"msg":"Hexo version: \u001b[35m3.9.0\u001b[39m","time":"2019-06-29T23:37:10.418Z","v":0}
{"name":"hexo","hostname":"amos-personal","pid":14695,"level":20,"msg":"Working directory: \u001b[35m~/dev/amosbatista.com/texts/\u001b[39m","time":"2019-06-29T23:37:10.419Z","v":0}
{"name":"hexo","hostname":"amos-personal","pid":14718,"level":20,"msg":"Writing database to /home/amos/dev/amosbatista.com/texts/db.json","time":"2019-06-29T23:37:18.329Z","v":0}
{"name":"hexo","hostname":"amos-personal","pid":14718,"level":20,"msg":"Hexo version: \u001b[35m3.9.0\u001b[39m","time":"2019-06-29T23:37:18.338Z","v":0}
{"name":"hexo","hostname":"amos-personal","pid":14718,"level":20,"msg":"Working directory: \u001b[35m~/dev/amosbatista.com/texts/\u001b[39m","time":"2019-06-29T23:37:18.338Z","v":0}
{"name":"hexo","hostname":"amos-personal","pid":14775,"level":20,"msg":"Writing database to /home/amos/dev/amosbatista.com/texts/db.json","time":"2019-06-29T23:38:16.154Z","v":0}
{"name":"hexo","hostname":"amos-personal","pid":14775,"level":20,"msg":"Hexo version: \u001b[35m3.9.0\u001b[39m","time":"2019-06-29T23:38:16.164Z","v":0}
{"name":"hexo","hostname":"amos-personal","pid":14775,"level":20,"msg":"Working directory: \u001b[35m~/dev/amosbatista.com/texts/\u001b[39m","time":"2019-06-29T23:38:16.164Z","v":0}
{"name":"hexo","hostname":"amos-personal","pid":14841,"level":20,"msg":"Writing database to /home/amos/dev/amosbatista.com/texts/db.json","time":"2019-06-29T23:38:23.860Z","v":0}
{"name":"hexo","hostname":"amos-personal","pid":14841,"level":20,"msg":"Hexo version: \u001b[35m3.9.0\u001b[39m","time":"2019-06-29T23:38:23.870Z","v":0}
{"name":"hexo","hostname":"amos-personal","pid":14841,"level":20,"msg":"Working directory: \u001b[35m~/dev/amosbatista.com/texts/\u001b[39m","time":"2019-06-29T23:38:23.870Z","v":0}
{"name":"hexo","hostname":"amos-personal","pid":15147,"level":20,"msg":"Writing database to /home/amos/dev/amosbatista.com/texts/db.json","time":"2019-06-29T23:43:49.784Z","v":0}
{"name":"hexo","hostname":"amos-personal","pid":15147,"level":20,"msg":"Hexo version: \u001b[35m3.9.0\u001b[39m","time":"2019-06-29T23:43:49.793Z","v":0}
{"name":"hexo","hostname":"amos-personal","pid":15147,"level":20,"msg":"Working directory: \u001b[35m~/dev/amosbatista.com/texts/\u001b[39m","time":"2019-06-29T23:43:49.793Z","v":0}
{"name":"hexo","hostname":"amos-personal","pid":15147,"level":30,"msg":"Start processing","time":"2019-06-29T23:43:49.843Z","v":0}
{"name":"hexo","hostname":"amos-personal","pid":15147,"level":20,"msg":"Processed: \u001b[35m_posts/firstPost.md\u001b[39m","time":"2019-06-29T23:43:49.852Z","v":0}
{"name":"hexo","hostname":"amos-personal","pid":15147,"level":20,"msg":"Generator: \u001b[35mpage\u001b[39m","time":"2019-06-29T23:43:49.854Z","v":0}
{"name":"hexo","hostname":"amos-personal","pid":15147,"level":20,"msg":"Generator: \u001b[35mpost\u001b[39m","time":"2019-06-29T23:43:49.854Z","v":0}
{"name":"hexo","hostname":"amos-personal","pid":15147,"level":20,"msg":"Generator: \u001b[35masset\u001b[39m","time":"2019-06-29T23:43:49.854Z","v":0}
{"name":"hexo","hostname":"amos-personal","pid":15178,"level":20,"msg":"Writing database to /home/amos/dev/amosbatista.com/texts/db.json","time":"2019-06-29T23:44:21.674Z","v":0}
{"name":"hexo","hostname":"amos-personal","pid":15178,"level":20,"msg":"Hexo version: \u001b[35m3.9.0\u001b[39m","time":"2019-06-29T23:44:21.683Z","v":0}
{"name":"hexo","hostname":"amos-personal","pid":15178,"level":20,"msg":"Working directory: \u001b[35m~/dev/amosbatista.com/texts/\u001b[39m","time":"2019-06-29T23:44:21.683Z","v":0}
{"name":"hexo","hostname":"amos-personal","pid":15178,"level":30,"msg":"Start processing","time":"2019-06-29T23:44:21.733Z","v":0}
{"name":"hexo","hostname":"amos-personal","pid":15178,"level":20,"msg":"Processed: \u001b[35m_posts/firstPost.md\u001b[39m","time":"2019-06-29T23:44:21.741Z","v":0}
{"name":"hexo","hostname":"amos-personal","pid":15178,"level":20,"msg":"Generator: \u001b[35mpage\u001b[39m","time":"2019-06-29T23:44:21.743Z","v":0}
{"name":"hexo","hostname":"amos-personal","pid":15178,"level":20,"msg":"Generator: \u001b[35mpost\u001b[39m","time":"2019-06-29T23:44:21.744Z","v":0}
{"name":"hexo","hostname":"amos-personal","pid":15178,"level":20,"msg":"Generator: \u001b[35masset\u001b[39m","time":"2019-06-29T23:44:21.744Z","v":0}
{"name":"hexo","hostname":"amos-personal","pid":15200,"level":20,"msg":"Writing database to /home/amos/dev/amosbatista.com/texts/db.json","time":"2019-06-29T23:44:29.973Z","v":0}
{"name":"hexo","hostname":"amos-personal","pid":15200,"level":20,"msg":"Hexo version: \u001b[35m3.9.0\u001b[39m","time":"2019-06-29T23:44:29.982Z","v":0}
{"name":"hexo","hostname":"amos-personal","pid":15200,"level":20,"msg":"Working directory: \u001b[35m~/dev/amosbatista.com/texts/\u001b[39m","time":"2019-06-29T23:44:29.982Z","v":0}
{"name":"hexo","hostname":"amos-personal","pid":15200,"level":30,"msg":"Start processing","time":"2019-06-29T23:44:30.031Z","v":0}
{"name":"hexo","hostname":"amos-personal","pid":15200,"level":20,"msg":"Processed: \u001b[35m_posts/firstPost.md\u001b[39m","time":"2019-06-29T23:44:30.040Z","v":0}
{"name":"hexo","hostname":"amos-personal","pid":15200,"level":20,"msg":"Generator: \u001b[35mpage\u001b[39m","time":"2019-06-29T23:44:30.043Z","v":0}
{"name":"hexo","hostname":"amos-personal","pid":15200,"level":20,"msg":"Generator: \u001b[35mpost\u001b[39m","time":"2019-06-29T23:44:30.043Z","v":0}
{"name":"hexo","hostname":"amos-personal","pid":15200,"level":20,"msg":"Generator: \u001b[35masset\u001b[39m","time":"2019-06-29T23:44:30.043Z","v":0}
{"name":"hexo","hostname":"amos-personal","pid":15521,"level":20,"msg":"Writing database to /home/amos/dev/amosbatista.com/texts/db.json","time":"2019-06-29T23:48:43.084Z","v":0}
{"name":"hexo","hostname":"amos-personal","pid":15521,"level":20,"msg":"Hexo version: \u001b[35m3.9.0\u001b[39m","time":"2019-06-29T23:48:43.093Z","v":0}
{"name":"hexo","hostname":"amos-personal","pid":15521,"level":20,"msg":"Working directory: \u001b[35m~/dev/amosbatista.com/texts/\u001b[39m","time":"2019-06-29T23:48:43.093Z","v":0}
{"name":"hexo","hostname":"amos-personal","pid":15521,"level":30,"msg":"Start processing","time":"2019-06-29T23:48:43.144Z","v":0}
{"name":"hexo","hostname":"amos-personal","pid":15521,"level":20,"msg":"Processed: \u001b[35m_posts/firstPost.md\u001b[39m","time":"2019-06-29T23:48:43.153Z","v":0}
{"name":"hexo","hostname":"amos-personal","pid":15521,"level":20,"msg":"Generator: \u001b[35mpage\u001b[39m","time":"2019-06-29T23:48:43.155Z","v":0}
{"name":"hexo","hostname":"amos-personal","pid":15521,"level":20,"msg":"Generator: \u001b[35mpost\u001b[39m","time":"2019-06-29T23:48:43.155Z","v":0}
{"name":"hexo","hostname":"amos-personal","pid":15521,"level":20,"msg":"Generator: \u001b[35masset\u001b[39m","time":"2019-06-29T23:48:43.155Z","v":0}
{"name":"hexo","hostname":"amos-personal","pid":15565,"level":20,"msg":"Writing database to /home/amos/dev/amosbatista.com/texts/db.json","time":"2019-06-29T23:49:06.242Z","v":0}
{"name":"hexo","hostname":"amos-personal","pid":15565,"level":20,"msg":"Hexo version: \u001b[35m3.9.0\u001b[39m","time":"2019-06-29T23:49:06.251Z","v":0}
{"name":"hexo","hostname":"amos-personal","pid":15565,"level":20,"msg":"Working directory: \u001b[35m~/dev/amosbatista.com/texts/\u001b[39m","time":"2019-06-29T23:49:06.251Z","v":0}
{"name":"hexo","hostname":"amos-personal","pid":15565,"level":30,"msg":"Start processing","time":"2019-06-29T23:49:06.302Z","v":0}
{"name":"hexo","hostname":"amos-personal","pid":15565,"level":20,"msg":"Processed: \u001b[35m_posts/firstPost.md\u001b[39m","time":"2019-06-29T23:49:06.311Z","v":0}
{"name":"hexo","hostname":"amos-personal","pid":15565,"level":20,"msg":"Generator: \u001b[35mpage\u001b[39m","time":"2019-06-29T23:49:06.313Z","v":0}
{"name":"hexo","hostname":"amos-personal","pid":15565,"level":20,"msg":"Generator: \u001b[35mpost\u001b[39m","time":"2019-06-29T23:49:06.313Z","v":0}
{"name":"hexo","hostname":"amos-personal","pid":15565,"level":20,"msg":"Generator: \u001b[35masset\u001b[39m","time":"2019-06-29T23:49:06.313Z","v":0}
{"name":"hexo","hostname":"amos-personal","pid":15612,"level":20,"msg":"Writing database to /home/amos/dev/amosbatista.com/texts/db.json","time":"2019-06-29T23:50:01.795Z","v":0}
{"name":"hexo","hostname":"amos-personal","pid":15612,"level":20,"msg":"Hexo version: \u001b[35m3.9.0\u001b[39m","time":"2019-06-29T23:50:01.804Z","v":0}
{"name":"hexo","hostname":"amos-personal","pid":15612,"level":20,"msg":"Working directory: \u001b[35m~/dev/amosbatista.com/texts/\u001b[39m","time":"2019-06-29T23:50:01.804Z","v":0}
{"name":"hexo","hostname":"amos-personal","pid":15612,"level":30,"msg":"Start processing","time":"2019-06-29T23:50:01.855Z","v":0}
{"name":"hexo","hostname":"amos-personal","pid":15612,"level":20,"msg":"Processed: \u001b[35m_posts/firstPost.md\u001b[39m","time":"2019-06-29T23:50:01.864Z","v":0}
{"name":"hexo","hostname":"amos-personal","pid":15612,"level":20,"msg":"Generator: \u001b[35mpage\u001b[39m","time":"2019-06-29T23:50:01.866Z","v":0}
{"name":"hexo","hostname":"amos-personal","pid":15612,"level":20,"msg":"Generator: \u001b[35mpost\u001b[39m","time":"2019-06-29T23:50:01.866Z","v":0}
{"name":"hexo","hostname":"amos-personal","pid":15612,"level":20,"msg":"Generator: \u001b[35masset\u001b[39m","time":"2019-06-29T23:50:01.866Z","v":0}
{"name":"hexo","hostname":"amos-personal","pid":15673,"level":20,"msg":"Writing database to /home/amos/dev/amosbatista.com/texts/db.json","time":"2019-06-29T23:50:13.569Z","v":0}
{"name":"hexo","hostname":"amos-personal","pid":15673,"level":20,"msg":"Hexo version: \u001b[35m3.9.0\u001b[39m","time":"2019-06-29T23:50:13.578Z","v":0}
{"name":"hexo","hostname":"amos-personal","pid":15673,"level":20,"msg":"Working directory: \u001b[35m~/dev/amosbatista.com/texts/\u001b[39m","time":"2019-06-29T23:50:13.578Z","v":0}
{"name":"hexo","hostname":"amos-personal","pid":15673,"level":30,"msg":"Start processing","time":"2019-06-29T23:50:13.629Z","v":0}
{"name":"hexo","hostname":"amos-personal","pid":15673,"level":20,"msg":"Processed: \u001b[35m_posts/firstPost.md\u001b[39m","time":"2019-06-29T23:50:13.638Z","v":0}
{"name":"hexo","hostname":"amos-personal","pid":15673,"level":20,"msg":"Generator: \u001b[35mpage\u001b[39m","time":"2019-06-29T23:50:13.641Z","v":0}
{"name":"hexo","hostname":"amos-personal","pid":15673,"level":20,"msg":"Generator: \u001b[35mpost\u001b[39m","time":"2019-06-29T23:50:13.641Z","v":0}
{"name":"hexo","hostname":"amos-personal","pid":15673,"level":20,"msg":"Generator: \u001b[35masset\u001b[39m","time":"2019-06-29T23:50:13.641Z","v":0}
{"name":"hexo","hostname":"amos-personal","pid":15699,"level":20,"msg":"Writing database to /home/amos/dev/amosbatista.com/texts/db.json","time":"2019-06-29T23:50:29.086Z","v":0}
{"name":"hexo","hostname":"amos-personal","pid":15699,"level":20,"msg":"Hexo version: \u001b[35m3.9.0\u001b[39m","time":"2019-06-29T23:50:29.096Z","v":0}
{"name":"hexo","hostname":"amos-personal","pid":15699,"level":20,"msg":"Working directory: \u001b[35m~/dev/amosbatista.com/texts/\u001b[39m","time":"2019-06-29T23:50:29.096Z","v":0}
{"name":"hexo","hostname":"amos-personal","pid":15699,"level":30,"msg":"Start processing","time":"2019-06-29T23:50:29.145Z","v":0}
{"name":"hexo","hostname":"amos-personal","pid":15699,"level":20,"msg":"Processed: \u001b[35m_posts/firstPost.md\u001b[39m","time":"2019-06-29T23:50:29.153Z","v":0}
{"name":"hexo","hostname":"amos-personal","pid":15699,"level":20,"msg":"Generator: \u001b[35mpage\u001b[39m","time":"2019-06-29T23:50:29.155Z","v":0}
{"name":"hexo","hostname":"amos-personal","pid":15699,"level":20,"msg":"Generator: \u001b[35mpost\u001b[39m","time":"2019-06-29T23:50:29.155Z","v":0}
{"name":"hexo","hostname":"amos-personal","pid":15699,"level":20,"msg":"Generator: \u001b[35masset\u001b[39m","time":"2019-06-29T23:50:29.155Z","v":0}
{"name":"hexo","hostname":"amos-personal","pid":15743,"level":20,"msg":"Writing database to /home/amos/dev/amosbatista.com/texts/db.json","time":"2019-06-29T23:50:58.207Z","v":0}
{"name":"hexo","hostname":"amos-personal","pid":15743,"level":20,"msg":"Hexo version: \u001b[35m3.9.0\u001b[39m","time":"2019-06-29T23:50:58.216Z","v":0}
{"name":"hexo","hostname":"amos-personal","pid":15743,"level":20,"msg":"Working directory: \u001b[35m~/dev/amosbatista.com/texts/\u001b[39m","time":"2019-06-29T23:50:58.216Z","v":0}
{"name":"hexo","hostname":"amos-personal","pid":15743,"level":30,"msg":"Start processing","time":"2019-06-29T23:50:58.265Z","v":0}
{"name":"hexo","hostname":"amos-personal","pid":15743,"level":20,"msg":"Processed: \u001b[35m_posts/firstPost.md\u001b[39m","time":"2019-06-29T23:50:58.274Z","v":0}
{"name":"hexo","hostname":"amos-personal","pid":15743,"level":20,"msg":"Generator: \u001b[35mpage\u001b[39m","time":"2019-06-29T23:50:58.276Z","v":0}
{"name":"hexo","hostname":"amos-personal","pid":15743,"level":20,"msg":"Generator: \u001b[35mpost\u001b[39m","time":"2019-06-29T23:50:58.276Z","v":0}
{"name":"hexo","hostname":"amos-personal","pid":15743,"level":20,"msg":"Generator: \u001b[35masset\u001b[39m","time":"2019-06-29T23:50:58.276Z","v":0}
{"name":"hexo","hostname":"amos-personal","pid":15965,"level":20,"msg":"Writing database to /home/amos/dev/amosbatista.com/texts/db.json","time":"2019-06-29T23:52:36.322Z","v":0}
{"name":"hexo","hostname":"amos-personal","pid":15965,"level":20,"msg":"Hexo version: \u001b[35m3.9.0\u001b[39m","time":"2019-06-29T23:52:36.334Z","v":0}
{"name":"hexo","hostname":"amos-personal","pid":15965,"level":20,"msg":"Working directory: \u001b[35m~/dev/amosbatista.com/texts/\u001b[39m","time":"2019-06-29T23:52:36.334Z","v":0}
{"name":"hexo","hostname":"amos-personal","pid":15965,"level":30,"msg":"Start processing","time":"2019-06-29T23:52:36.386Z","v":0}
{"name":"hexo","hostname":"amos-personal","pid":15965,"level":20,"msg":"Processed: \u001b[35m_posts/firstPost.md\u001b[39m","time":"2019-06-29T23:52:36.396Z","v":0}
{"name":"hexo","hostname":"amos-personal","pid":15965,"level":20,"msg":"Generator: \u001b[35mpage\u001b[39m","time":"2019-06-29T23:52:36.399Z","v":0}
{"name":"hexo","hostname":"amos-personal","pid":15965,"level":20,"msg":"Generator: \u001b[35mpost\u001b[39m","time":"2019-06-29T23:52:36.399Z","v":0}
{"name":"hexo","hostname":"amos-personal","pid":15965,"level":20,"msg":"Generator: \u001b[35masset\u001b[39m","time":"2019-06-29T23:52:36.399Z","v":0}
{"name":"hexo","hostname":"amos-personal","pid":16024,"level":20,"msg":"Writing database to /home/amos/dev/amosbatista.com/texts/db.json","time":"2019-06-29T23:53:13.159Z","v":0}
{"name":"hexo","hostname":"amos-personal","pid":16024,"level":20,"msg":"Hexo version: \u001b[35m3.9.0\u001b[39m","time":"2019-06-29T23:53:13.168Z","v":0}
{"name":"hexo","hostname":"amos-personal","pid":16024,"level":20,"msg":"Working directory: \u001b[35m~/dev/amosbatista.com/texts/\u001b[39m","time":"2019-06-29T23:53:13.169Z","v":0}
{"name":"hexo","hostname":"amos-personal","pid":16024,"level":30,"msg":"Start processing","time":"2019-06-29T23:53:13.218Z","v":0}
{"name":"hexo","hostname":"amos-personal","pid":16024,"level":20,"msg":"Processed: \u001b[35m_posts/firstPost.md\u001b[39m","time":"2019-06-29T23:53:13.227Z","v":0}
{"name":"hexo","hostname":"amos-personal","pid":16024,"level":20,"msg":"Generator: \u001b[35mpage\u001b[39m","time":"2019-06-29T23:53:13.229Z","v":0}
{"name":"hexo","hostname":"amos-personal","pid":16024,"level":20,"msg":"Generator: \u001b[35mpost\u001b[39m","time":"2019-06-29T23:53:13.229Z","v":0}
{"name":"hexo","hostname":"amos-personal","pid":16024,"level":20,"msg":"Generator: \u001b[35masset\u001b[39m","time":"2019-06-29T23:53:13.229Z","v":0}
{"name":"hexo","hostname":"amos-personal","pid":16057,"level":20,"msg":"Writing database to /home/amos/dev/amosbatista.com/texts/db.json","time":"2019-06-29T23:53:38.354Z","v":0}
{"name":"hexo","hostname":"amos-personal","pid":16057,"level":40,"msg":"Config file texts/_texts_config.yml not found, using default.","time":"2019-06-29T23:53:38.357Z","v":0}
{"name":"hexo","hostname":"amos-personal","pid":16057,"level":20,"msg":"Hexo version: \u001b[35m3.9.0\u001b[39m","time":"2019-06-29T23:53:38.364Z","v":0}
{"name":"hexo","hostname":"amos-personal","pid":16057,"level":20,"msg":"Working directory: \u001b[35m~/dev/amosbatista.com/texts/\u001b[39m","time":"2019-06-29T23:53:38.364Z","v":0}
{"name":"hexo","hostname":"amos-personal","pid":16057,"level":30,"msg":"Start processing","time":"2019-06-29T23:53:38.415Z","v":0}
{"name":"hexo","hostname":"amos-personal","pid":16057,"level":20,"msg":"Processed: \u001b[35m_posts/firstPost.md\u001b[39m","time":"2019-06-29T23:53:38.424Z","v":0}
{"name":"hexo","hostname":"amos-personal","pid":16057,"level":20,"msg":"Generator: \u001b[35mpage\u001b[39m","time":"2019-06-29T23:53:38.426Z","v":0}
{"name":"hexo","hostname":"amos-personal","pid":16057,"level":20,"msg":"Generator: \u001b[35mpost\u001b[39m","time":"2019-06-29T23:53:38.426Z","v":0}
{"name":"hexo","hostname":"amos-personal","pid":16057,"level":20,"msg":"Generator: \u001b[35masset\u001b[39m","time":"2019-06-29T23:53:38.426Z","v":0}
{"name":"hexo","hostname":"amos-personal","pid":16093,"level":20,"msg":"Writing database to /home/amos/dev/amosbatista.com/texts/db.json","time":"2019-06-29T23:54:12.342Z","v":0}
{"name":"hexo","hostname":"amos-personal","pid":16093,"level":20,"msg":"Hexo version: \u001b[35m3.9.0\u001b[39m","time":"2019-06-29T23:54:12.352Z","v":0}
{"name":"hexo","hostname":"amos-personal","pid":16093,"level":20,"msg":"Working directory: \u001b[35m~/dev/amosbatista.com/texts/\u001b[39m","time":"2019-06-29T23:54:12.352Z","v":0}
{"name":"hexo","hostname":"amos-personal","pid":16093,"level":30,"msg":"Start processing","time":"2019-06-29T23:54:12.401Z","v":0}
{"name":"hexo","hostname":"amos-personal","pid":16093,"level":20,"msg":"Processed: \u001b[35m_posts/firstPost.md\u001b[39m","time":"2019-06-29T23:54:12.410Z","v":0}
{"name":"hexo","hostname":"amos-personal","pid":16093,"level":20,"msg":"Generator: \u001b[35mpage\u001b[39m","time":"2019-06-29T23:54:12.412Z","v":0}
{"name":"hexo","hostname":"amos-personal","pid":16093,"level":20,"msg":"Generator: \u001b[35mpost\u001b[39m","time":"2019-06-29T23:54:12.412Z","v":0}
{"name":"hexo","hostname":"amos-personal","pid":16093,"level":20,"msg":"Generator: \u001b[35masset\u001b[39m","time":"2019-06-29T23:54:12.412Z","v":0}
{"name":"hexo","hostname":"amos-personal","pid":16120,"level":20,"msg":"Writing database to /home/amos/dev/amosbatista.com./texts/db.json","time":"2019-06-29T23:54:30.253Z","v":0}
{"name":"hexo","hostname":"amos-personal","pid":16120,"level":40,"msg":"Config file _texts_config.yml not found, using default.","time":"2019-06-29T23:54:30.256Z","v":0}
{"name":"hexo","hostname":"amos-personal","pid":16120,"level":20,"msg":"Hexo version: \u001b[35m3.9.0\u001b[39m","time":"2019-06-29T23:54:30.265Z","v":0}
{"name":"hexo","hostname":"amos-personal","pid":16120,"level":20,"msg":"Working directory: \u001b[35m~/dev/amosbatista.com./texts/\u001b[39m","time":"2019-06-29T23:54:30.266Z","v":0}
{"name":"hexo","hostname":"amos-personal","pid":16120,"level":30,"msg":"Start processing","time":"2019-06-29T23:54:30.318Z","v":0}
{"name":"hexo","hostname":"amos-personal","pid":16120,"level":20,"msg":"Generator: \u001b[35mpage\u001b[39m","time":"2019-06-29T23:54:30.321Z","v":0}
{"name":"hexo","hostname":"amos-personal","pid":16120,"level":20,"msg":"Generator: \u001b[35mpost\u001b[39m","time":"2019-06-29T23:54:30.321Z","v":0}
{"name":"hexo","hostname":"amos-personal","pid":16120,"level":20,"msg":"Generator: \u001b[35masset\u001b[39m","time":"2019-06-29T23:54:30.322Z","v":0}
{"name":"hexo","hostname":"amos-personal","pid":16226,"level":20,"msg":"Writing database to /home/amos/dev/amosbatista.com./texts/db.json","time":"2019-06-29T23:55:51.721Z","v":0}
{"name":"hexo","hostname":"amos-personal","pid":16226,"level":40,"msg":"Config file _texts_config.yml not found, using default.","time":"2019-06-29T23:55:51.724Z","v":0}
{"name":"hexo","hostname":"amos-personal","pid":16226,"level":20,"msg":"Hexo version: \u001b[35m3.9.0\u001b[39m","time":"2019-06-29T23:55:51.730Z","v":0}
{"name":"hexo","hostname":"amos-personal","pid":16226,"level":20,"msg":"Working directory: \u001b[35m~/dev/amosbatista.com./texts/\u001b[39m","time":"2019-06-29T23:55:51.731Z","v":0}
{"name":"hexo","hostname":"amos-personal","pid":16226,"level":30,"msg":"Start processing","time":"2019-06-29T23:55:51.780Z","v":0}
{"name":"hexo","hostname":"amos-personal","pid":16226,"level":20,"msg":"Generator: \u001b[35mpage\u001b[39m","time":"2019-06-29T23:55:51.783Z","v":0}
{"name":"hexo","hostname":"amos-personal","pid":16226,"level":20,"msg":"Generator: \u001b[35mpost\u001b[39m","time":"2019-06-29T23:55:51.783Z","v":0}
{"name":"hexo","hostname":"amos-personal","pid":16226,"level":20,"msg":"Generator: \u001b[35masset\u001b[39m","time":"2019-06-29T23:55:51.783Z","v":0}
{"name":"hexo","hostname":"amos-personal","pid":16256,"level":20,"msg":"Writing database to /home/amos/dev/amosbatista.com/texts/db.json","time":"2019-06-29T23:56:04.073Z","v":0}
{"name":"hexo","hostname":"amos-personal","pid":16256,"level":20,"msg":"Hexo version: \u001b[35m3.9.0\u001b[39m","time":"2019-06-29T23:56:04.082Z","v":0}
{"name":"hexo","hostname":"amos-personal","pid":16256,"level":20,"msg":"Working directory: \u001b[35m~/dev/amosbatista.com/texts/\u001b[39m","time":"2019-06-29T23:56:04.082Z","v":0}
{"name":"hexo","hostname":"amos-personal","pid":16256,"level":30,"msg":"Start processing","time":"2019-06-29T23:56:04.131Z","v":0}
{"name":"hexo","hostname":"amos-personal","pid":16256,"level":20,"msg":"Processed: \u001b[35m_posts/firstPost.md\u001b[39m","time":"2019-06-29T23:56:04.139Z","v":0}
{"name":"hexo","hostname":"amos-personal","pid":16256,"level":20,"msg":"Generator: \u001b[35mpage\u001b[39m","time":"2019-06-29T23:56:04.141Z","v":0}
{"name":"hexo","hostname":"amos-personal","pid":16256,"level":20,"msg":"Generator: \u001b[35mpost\u001b[39m","time":"2019-06-29T23:56:04.142Z","v":0}
{"name":"hexo","hostname":"amos-personal","pid":16256,"level":20,"msg":"Generator: \u001b[35masset\u001b[39m","time":"2019-06-29T23:56:04.142Z","v":0}
{"name":"hexo","hostname":"amos-personal","pid":16355,"level":20,"msg":"Writing database to /home/amos/dev/amosbatista.com/texts/db.json","time":"2019-06-29T23:57:54.061Z","v":0}
{"name":"hexo","hostname":"amos-personal","pid":16355,"level":20,"msg":"Hexo version: \u001b[35m3.9.0\u001b[39m","time":"2019-06-29T23:57:54.070Z","v":0}
{"name":"hexo","hostname":"amos-personal","pid":16355,"level":20,"msg":"Working directory: \u001b[35m~/dev/amosbatista.com/texts/\u001b[39m","time":"2019-06-29T23:57:54.071Z","v":0}
{"name":"hexo","hostname":"amos-personal","pid":16380,"level":20,"msg":"Writing database to /home/amos/dev/amosbatista.com/texts/db.json","time":"2019-06-29T23:58:04.775Z","v":0}
{"name":"hexo","hostname":"amos-personal","pid":16380,"level":20,"msg":"Hexo version: \u001b[35m3.9.0\u001b[39m","time":"2019-06-29T23:58:04.784Z","v":0}
{"name":"hexo","hostname":"amos-personal","pid":16380,"level":20,"msg":"Working directory: \u001b[35m~/dev/amosbatista.com/texts/\u001b[39m","time":"2019-06-29T23:58:04.784Z","v":0}
{"name":"hexo","hostname":"amos-personal","pid":16497,"level":20,"msg":"Writing database to /home/amos/dev/amosbatista.com/texts/db.json","time":"2019-06-30T00:00:31.724Z","v":0}
{"name":"hexo","hostname":"amos-personal","pid":16497,"level":20,"msg":"Hexo version: \u001b[35m3.9.0\u001b[39m","time":"2019-06-30T00:00:31.733Z","v":0}
{"name":"hexo","hostname":"amos-personal","pid":16497,"level":20,"msg":"Working directory: \u001b[35m~/dev/amosbatista.com/texts/\u001b[39m","time":"2019-06-30T00:00:31.734Z","v":0}
{"name":"hexo","hostname":"amos-personal","pid":16522,"level":20,"msg":"Writing database to /home/amos/dev/amosbatista.com/texts/db.json","time":"2019-06-30T00:00:41.514Z","v":0}
{"name":"hexo","hostname":"amos-personal","pid":16522,"level":20,"msg":"Hexo version: \u001b[35m3.9.0\u001b[39m","time":"2019-06-30T00:00:41.526Z","v":0}
{"name":"hexo","hostname":"amos-personal","pid":16522,"level":20,"msg":"Working directory: \u001b[35m~/dev/amosbatista.com/texts/\u001b[39m","time":"2019-06-30T00:00:41.527Z","v":0}
{"name":"hexo","hostname":"amos-personal","pid":16575,"level":20,"msg":"Writing database to /home/amos/dev/amosbatista.com/texts/db.json","time":"2019-06-30T00:01:04.145Z","v":0}
{"name":"hexo","hostname":"amos-personal","pid":16575,"level":20,"msg":"Hexo version: \u001b[35m3.9.0\u001b[39m","time":"2019-06-30T00:01:04.154Z","v":0}
{"name":"hexo","hostname":"amos-personal","pid":16575,"level":20,"msg":"Working directory: \u001b[35m~/dev/amosbatista.com/texts/\u001b[39m","time":"2019-06-30T00:01:04.154Z","v":0}
{"name":"hexo","hostname":"amos-personal","pid":16595,"level":20,"msg":"Writing database to /home/amos/dev/amosbatista.com/texts/db.json","time":"2019-06-30T00:01:12.629Z","v":0}
{"name":"hexo","hostname":"amos-personal","pid":16595,"level":20,"msg":"Hexo version: \u001b[35m3.9.0\u001b[39m","time":"2019-06-30T00:01:12.638Z","v":0}
{"name":"hexo","hostname":"amos-personal","pid":16595,"level":20,"msg":"Working directory: \u001b[35m~/dev/amosbatista.com/texts/\u001b[39m","time":"2019-06-30T00:01:12.639Z","v":0}
{"name":"hexo","hostname":"amos-personal","pid":16657,"level":20,"msg":"Writing database to /home/amos/dev/amosbatista.com/texts/db.json","time":"2019-06-30T00:02:10.122Z","v":0}
{"name":"hexo","hostname":"amos-personal","pid":16657,"level":20,"msg":"Hexo version: \u001b[35m3.9.0\u001b[39m","time":"2019-06-30T00:02:10.134Z","v":0}
{"name":"hexo","hostname":"amos-personal","pid":16657,"level":20,"msg":"Working directory: \u001b[35m~/dev/amosbatista.com/texts/\u001b[39m","time":"2019-06-30T00:02:10.135Z","v":0}
{"name":"hexo","hostname":"amos-personal","pid":16683,"level":20,"msg":"Writing database to /home/amos/dev/amosbatista.com/texts/db.json","time":"2019-06-30T00:02:25.268Z","v":0}
{"name":"hexo","hostname":"amos-personal","pid":16683,"level":20,"msg":"Hexo version: \u001b[35m3.9.0\u001b[39m","time":"2019-06-30T00:02:25.277Z","v":0}
{"name":"hexo","hostname":"amos-personal","pid":16683,"level":20,"msg":"Working directory: \u001b[35m~/dev/amosbatista.com/texts/\u001b[39m","time":"2019-06-30T00:02:25.277Z","v":0}
{"name":"hexo","hostname":"amos-personal","pid":16703,"level":20,"msg":"Writing database to /home/amos/dev/amosbatista.com/texts/db.json","time":"2019-06-30T00:02:32.560Z","v":0}
{"name":"hexo","hostname":"amos-personal","pid":16703,"level":20,"msg":"Hexo version: \u001b[35m3.9.0\u001b[39m","time":"2019-06-30T00:02:32.569Z","v":0}
{"name":"hexo","hostname":"amos-personal","pid":16703,"level":20,"msg":"Working directory: \u001b[35m~/dev/amosbatista.com/texts/\u001b[39m","time":"2019-06-30T00:02:32.570Z","v":0}
{"name":"hexo","hostname":"amos-personal","pid":16743,"level":20,"msg":"Writing database to /home/amos/dev/amosbatista.com/texts/db.json","time":"2019-06-30T00:02:52.512Z","v":0}
{"name":"hexo","hostname":"amos-personal","pid":16743,"level":20,"msg":"Hexo version: \u001b[35m3.9.0\u001b[39m","time":"2019-06-30T00:02:52.520Z","v":0}
{"name":"hexo","hostname":"amos-personal","pid":16743,"level":20,"msg":"Working directory: \u001b[35m~/dev/amosbatista.com/texts/\u001b[39m","time":"2019-06-30T00:02:52.521Z","v":0}
{"name":"hexo","hostname":"amos-personal","pid":16771,"level":20,"msg":"Writing database to /home/amos/dev/amosbatista.com/texts/db.json","time":"2019-06-30T00:03:17.277Z","v":0}
{"name":"hexo","hostname":"amos-personal","pid":16771,"level":20,"msg":"Hexo version: \u001b[35m3.9.0\u001b[39m","time":"2019-06-30T00:03:17.286Z","v":0}
{"name":"hexo","hostname":"amos-personal","pid":16771,"level":20,"msg":"Working directory: \u001b[35m~/dev/amosbatista.com/texts/\u001b[39m","time":"2019-06-30T00:03:17.286Z","v":0}
{"name":"hexo","hostname":"amos-personal","pid":16821,"level":20,"msg":"Writing database to /home/amos/dev/amosbatista.com/texts/db.json","time":"2019-06-30T00:03:24.470Z","v":0}
{"name":"hexo","hostname":"amos-personal","pid":16821,"level":20,"msg":"Hexo version: \u001b[35m3.9.0\u001b[39m","time":"2019-06-30T00:03:24.478Z","v":0}
{"name":"hexo","hostname":"amos-personal","pid":16821,"level":20,"msg":"Working directory: \u001b[35m~/dev/amosbatista.com/texts/\u001b[39m","time":"2019-06-30T00:03:24.479Z","v":0}
{"name":"hexo","hostname":"amos-personal","pid":16858,"level":20,"msg":"Writing database to /home/amos/dev/amosbatista.com/texts/db.json","time":"2019-06-30T00:03:37.433Z","v":0}
{"name":"hexo","hostname":"amos-personal","pid":16858,"level":20,"msg":"Hexo version: \u001b[35m3.9.0\u001b[39m","time":"2019-06-30T00:03:37.441Z","v":0}
{"name":"hexo","hostname":"amos-personal","pid":16858,"level":20,"msg":"Working directory: \u001b[35m~/dev/amosbatista.com/texts/\u001b[39m","time":"2019-06-30T00:03:37.442Z","v":0}
{"name":"hexo","hostname":"amos-personal","pid":16876,"level":20,"msg":"Writing database to /home/amos/dev/amosbatista.com/texts/db.json","time":"2019-06-30T00:03:45.475Z","v":0}
{"name":"hexo","hostname":"amos-personal","pid":16876,"level":20,"msg":"Hexo version: \u001b[35m3.9.0\u001b[39m","time":"2019-06-30T00:03:45.484Z","v":0}
{"name":"hexo","hostname":"amos-personal","pid":16876,"level":20,"msg":"Working directory: \u001b[35m~/dev/amosbatista.com/texts/\u001b[39m","time":"2019-06-30T00:03:45.484Z","v":0}
{"name":"hexo","hostname":"amos-personal","pid":16904,"level":20,"msg":"Writing database to /home/amos/dev/amosbatista.com/texts/db.json","time":"2019-06-30T00:03:53.974Z","v":0}
{"name":"hexo","hostname":"amos-personal","pid":16904,"level":20,"msg":"Hexo version: \u001b[35m3.9.0\u001b[39m","time":"2019-06-30T00:03:53.983Z","v":0}
{"name":"hexo","hostname":"amos-personal","pid":16904,"level":20,"msg":"Working directory: \u001b[35m~/dev/amosbatista.com/texts/\u001b[39m","time":"2019-06-30T00:03:53.983Z","v":0}
{"name":"hexo","hostname":"amos-personal","pid":16984,"level":20,"msg":"Writing database to /home/amos/dev/amosbatista.com/texts/db.json","time":"2019-06-30T00:05:06.350Z","v":0}
{"name":"hexo","hostname":"amos-personal","pid":16984,"level":20,"msg":"Hexo version: \u001b[35m3.9.0\u001b[39m","time":"2019-06-30T00:05:06.359Z","v":0}
{"name":"hexo","hostname":"amos-personal","pid":16984,"level":20,"msg":"Working directory: \u001b[35m~/dev/amosbatista.com/texts/\u001b[39m","time":"2019-06-30T00:05:06.360Z","v":0}
{"name":"hexo","hostname":"amos-personal","pid":17014,"level":20,"msg":"Writing database to /home/amos/dev/amosbatista.com/texts/db.json","time":"2019-06-30T00:05:16.053Z","v":0}
{"name":"hexo","hostname":"amos-personal","pid":17014,"level":20,"msg":"Hexo version: \u001b[35m3.9.0\u001b[39m","time":"2019-06-30T00:05:16.065Z","v":0}
{"name":"hexo","hostname":"amos-personal","pid":17014,"level":20,"msg":"Working directory: \u001b[35m~/dev/amosbatista.com/texts/\u001b[39m","time":"2019-06-30T00:05:16.065Z","v":0}
{"name":"hexo","hostname":"amos-personal","pid":17014,"level":20,"msg":"Rendering post: \u001b[35mtexts/source/_posts/firstPost.md\u001b[39m","time":"2019-06-30T00:05:16.118Z","v":0}
{"name":"hexo","hostname":"amos-personal","pid":17069,"level":20,"msg":"Writing database to /home/amos/dev/amosbatista.com/texts/db.json","time":"2019-06-30T00:06:03.741Z","v":0}
{"name":"hexo","hostname":"amos-personal","pid":17069,"level":20,"msg":"Hexo version: \u001b[35m3.9.0\u001b[39m","time":"2019-06-30T00:06:03.750Z","v":0}
{"name":"hexo","hostname":"amos-personal","pid":17069,"level":20,"msg":"Working directory: \u001b[35m~/dev/amosbatista.com/texts/\u001b[39m","time":"2019-06-30T00:06:03.750Z","v":0}
{"name":"hexo","hostname":"amos-personal","pid":17105,"level":20,"msg":"Writing database to /home/amos/dev/amosbatista.com/texts/db.json","time":"2019-06-30T00:06:23.247Z","v":0}
{"name":"hexo","hostname":"amos-personal","pid":17105,"level":20,"msg":"Hexo version: \u001b[35m3.9.0\u001b[39m","time":"2019-06-30T00:06:23.256Z","v":0}
{"name":"hexo","hostname":"amos-personal","pid":17105,"level":20,"msg":"Working directory: \u001b[35m~/dev/amosbatista.com/texts/\u001b[39m","time":"2019-06-30T00:06:23.257Z","v":0}
{"name":"hexo","hostname":"amos-personal","pid":17166,"level":20,"msg":"Writing database to /home/amos/dev/amosbatista.com/texts/db.json","time":"2019-06-30T00:07:53.718Z","v":0}
{"name":"hexo","hostname":"amos-personal","pid":17166,"level":20,"msg":"Hexo version: \u001b[35m3.9.0\u001b[39m","time":"2019-06-30T00:07:53.727Z","v":0}
{"name":"hexo","hostname":"amos-personal","pid":17166,"level":20,"msg":"Working directory: \u001b[35m~/dev/amosbatista.com/texts/\u001b[39m","time":"2019-06-30T00:07:53.727Z","v":0}
{"name":"hexo","hostname":"amos-personal","pid":17234,"level":20,"msg":"Writing database to /home/amos/dev/amosbatista.com/texts/db.json","time":"2019-06-30T00:08:56.748Z","v":0}
{"name":"hexo","hostname":"amos-personal","pid":17234,"level":20,"msg":"Hexo version: \u001b[35m3.9.0\u001b[39m","time":"2019-06-30T00:08:56.760Z","v":0}
{"name":"hexo","hostname":"amos-personal","pid":17234,"level":20,"msg":"Working directory: \u001b[35m~/dev/amosbatista.com/texts/\u001b[39m","time":"2019-06-30T00:08:56.760Z","v":0}
{"name":"hexo","hostname":"amos-personal","pid":17234,"level":20,"msg":"Rendering post: \u001b[35mtexts/source/_posts/firstPost.md\u001b[39m","time":"2019-06-30T00:08:56.814Z","v":0}
{"name":"hexo","hostname":"amos-personal","pid":17286,"level":20,"msg":"Writing database to /home/amos/dev/amosbatista.com/texts/db.json","time":"2019-06-30T00:09:53.276Z","v":0}
{"name":"hexo","hostname":"amos-personal","pid":17286,"level":20,"msg":"Hexo version: \u001b[35m3.9.0\u001b[39m","time":"2019-06-30T00:09:53.285Z","v":0}
{"name":"hexo","hostname":"amos-personal","pid":17286,"level":20,"msg":"Working directory: \u001b[35m~/dev/amosbatista.com/texts/\u001b[39m","time":"2019-06-30T00:09:53.285Z","v":0}
{"name":"hexo","hostname":"amos-personal","pid":17286,"level":30,"msg":"Start processing","time":"2019-06-30T00:09:53.336Z","v":0}
{"name":"hexo","hostname":"amos-personal","pid":17286,"level":20,"msg":"Processed: \u001b[35m_posts/firstPost.md\u001b[39m","time":"2019-06-30T00:09:53.345Z","v":0}
{"name":"hexo","hostname":"amos-personal","pid":17286,"level":20,"msg":"Generator: \u001b[35mpage\u001b[39m","time":"2019-06-30T00:09:53.347Z","v":0}
{"name":"hexo","hostname":"amos-personal","pid":17286,"level":20,"msg":"Generator: \u001b[35mpost\u001b[39m","time":"2019-06-30T00:09:53.348Z","v":0}
{"name":"hexo","hostname":"amos-personal","pid":17286,"level":20,"msg":"Generator: \u001b[35masset\u001b[39m","time":"2019-06-30T00:09:53.348Z","v":0}
{"name":"hexo","hostname":"amos-personal","pid":17307,"level":20,"msg":"Writing database to /home/amos/dev/amosbatista.com/texts/db.json","time":"2019-06-30T00:10:01.916Z","v":0}
{"name":"hexo","hostname":"amos-personal","pid":17307,"level":20,"msg":"Hexo version: \u001b[35m3.9.0\u001b[39m","time":"2019-06-30T00:10:01.926Z","v":0}
{"name":"hexo","hostname":"amos-personal","pid":17307,"level":20,"msg":"Working directory: \u001b[35m~/dev/amosbatista.com/texts/\u001b[39m","time":"2019-06-30T00:10:01.926Z","v":0}
{"name":"hexo","hostname":"amos-personal","pid":17307,"level":30,"msg":"Start processing","time":"2019-06-30T00:10:01.975Z","v":0}
{"name":"hexo","hostname":"amos-personal","pid":17307,"level":20,"msg":"Processed: \u001b[35m_posts/firstPost.md\u001b[39m","time":"2019-06-30T00:10:01.984Z","v":0}
{"name":"hexo","hostname":"amos-personal","pid":17307,"level":20,"msg":"Generator: \u001b[35mpage\u001b[39m","time":"2019-06-30T00:10:01.985Z","v":0}
{"name":"hexo","hostname":"amos-personal","pid":17307,"level":20,"msg":"Generator: \u001b[35mpost\u001b[39m","time":"2019-06-30T00:10:01.986Z","v":0}
{"name":"hexo","hostname":"amos-personal","pid":17307,"level":20,"msg":"Generator: \u001b[35masset\u001b[39m","time":"2019-06-30T00:10:01.986Z","v":0}
{"name":"hexo","hostname":"amos-personal","pid":17367,"level":20,"msg":"Writing database to /home/amos/dev/amosbatista.com/texts/db.json","time":"2019-06-30T00:10:09.051Z","v":0}
{"name":"hexo","hostname":"amos-personal","pid":17367,"level":20,"msg":"Hexo version: \u001b[35m3.9.0\u001b[39m","time":"2019-06-30T00:10:09.063Z","v":0}
{"name":"hexo","hostname":"amos-personal","pid":17367,"level":20,"msg":"Working directory: \u001b[35m~/dev/amosbatista.com/texts/\u001b[39m","time":"2019-06-30T00:10:09.063Z","v":0}
{"name":"hexo","hostname":"amos-personal","pid":17367,"level":30,"msg":"Start processing","time":"2019-06-30T00:10:09.116Z","v":0}
{"name":"hexo","hostname":"amos-personal","pid":17367,"level":20,"msg":"Processed: \u001b[35m_posts/firstPost.md\u001b[39m","time":"2019-06-30T00:10:09.125Z","v":0}
{"name":"hexo","hostname":"amos-personal","pid":17367,"level":20,"msg":"Generator: \u001b[35mpage\u001b[39m","time":"2019-06-30T00:10:09.129Z","v":0}
{"name":"hexo","hostname":"amos-personal","pid":17367,"level":20,"msg":"Generator: \u001b[35mpost\u001b[39m","time":"2019-06-30T00:10:09.129Z","v":0}
{"name":"hexo","hostname":"amos-personal","pid":17367,"level":20,"msg":"Generator: \u001b[35masset\u001b[39m","time":"2019-06-30T00:10:09.129Z","v":0}
{"name":"hexo","hostname":"amos-personal","pid":17399,"level":20,"msg":"Writing database to /home/amos/dev/amosbatista.com/texts/db.json","time":"2019-06-30T00:10:18.530Z","v":0}
{"name":"hexo","hostname":"amos-personal","pid":17399,"level":20,"msg":"Hexo version: \u001b[35m3.9.0\u001b[39m","time":"2019-06-30T00:10:18.540Z","v":0}
{"name":"hexo","hostname":"amos-personal","pid":17399,"level":20,"msg":"Working directory: \u001b[35m~/dev/amosbatista.com/texts/\u001b[39m","time":"2019-06-30T00:10:18.540Z","v":0}
{"name":"hexo","hostname":"amos-personal","pid":17399,"level":30,"msg":"Start processing","time":"2019-06-30T00:10:18.591Z","v":0}
{"name":"hexo","hostname":"amos-personal","pid":17399,"level":20,"msg":"Processed: \u001b[35m_posts/firstPost.md\u001b[39m","time":"2019-06-30T00:10:18.599Z","v":0}
{"name":"hexo","hostname":"amos-personal","pid":17399,"level":20,"msg":"Generator: \u001b[35mpage\u001b[39m","time":"2019-06-30T00:10:18.601Z","v":0}
{"name":"hexo","hostname":"amos-personal","pid":17399,"level":20,"msg":"Generator: \u001b[35mpost\u001b[39m","time":"2019-06-30T00:10:18.602Z","v":0}
{"name":"hexo","hostname":"amos-personal","pid":17399,"level":20,"msg":"Generator: \u001b[35masset\u001b[39m","time":"2019-06-30T00:10:18.602Z","v":0}
{"name":"hexo","hostname":"amos-personal","pid":17417,"level":20,"msg":"Writing database to /home/amos/dev/amosbatista.com/texts/db.json","time":"2019-06-30T00:10:25.636Z","v":0}
{"name":"hexo","hostname":"amos-personal","pid":17417,"level":20,"msg":"Hexo version: \u001b[35m3.9.0\u001b[39m","time":"2019-06-30T00:10:25.645Z","v":0}
{"name":"hexo","hostname":"amos-personal","pid":17417,"level":20,"msg":"Working directory: \u001b[35m~/dev/amosbatista.com/texts/\u001b[39m","time":"2019-06-30T00:10:25.645Z","v":0}
{"name":"hexo","hostname":"amos-personal","pid":17417,"level":30,"msg":"Start processing","time":"2019-06-30T00:10:25.695Z","v":0}
{"name":"hexo","hostname":"amos-personal","pid":17417,"level":20,"msg":"Processed: \u001b[35m_posts/firstPost.md\u001b[39m","time":"2019-06-30T00:10:25.703Z","v":0}
{"name":"hexo","hostname":"amos-personal","pid":17417,"level":20,"msg":"Generator: \u001b[35mpage\u001b[39m","time":"2019-06-30T00:10:25.705Z","v":0}
{"name":"hexo","hostname":"amos-personal","pid":17417,"level":20,"msg":"Generator: \u001b[35mpost\u001b[39m","time":"2019-06-30T00:10:25.706Z","v":0}
{"name":"hexo","hostname":"amos-personal","pid":17417,"level":20,"msg":"Generator: \u001b[35masset\u001b[39m","time":"2019-06-30T00:10:25.706Z","v":0}
{"name":"hexo","hostname":"amos-personal","pid":17436,"level":20,"msg":"Writing database to /home/amos/dev/amosbatista.com/texts/db.json","time":"2019-06-30T00:10:32.510Z","v":0}
{"name":"hexo","hostname":"amos-personal","pid":17436,"level":20,"msg":"Hexo version: \u001b[35m3.9.0\u001b[39m","time":"2019-06-30T00:10:32.519Z","v":0}
{"name":"hexo","hostname":"amos-personal","pid":17436,"level":20,"msg":"Working directory: \u001b[35m~/dev/amosbatista.com/texts/\u001b[39m","time":"2019-06-30T00:10:32.519Z","v":0}
{"name":"hexo","hostname":"amos-personal","pid":17436,"level":30,"msg":"Start processing","time":"2019-06-30T00:10:32.570Z","v":0}
{"name":"hexo","hostname":"amos-personal","pid":17436,"level":20,"msg":"Processed: \u001b[35m_posts/firstPost.md\u001b[39m","time":"2019-06-30T00:10:32.579Z","v":0}
{"name":"hexo","hostname":"amos-personal","pid":17436,"level":20,"msg":"Generator: \u001b[35mpage\u001b[39m","time":"2019-06-30T00:10:32.581Z","v":0}
{"name":"hexo","hostname":"amos-personal","pid":17436,"level":20,"msg":"Generator: \u001b[35mpost\u001b[39m","time":"2019-06-30T00:10:32.581Z","v":0}
{"name":"hexo","hostname":"amos-personal","pid":17436,"level":20,"msg":"Generator: \u001b[35masset\u001b[39m","time":"2019-06-30T00:10:32.582Z","v":0}
{"name":"hexo","hostname":"amos-personal","pid":17482,"level":20,"msg":"Writing database to /home/amos/dev/amosbatista.com/texts/db.json","time":"2019-06-30T00:11:05.274Z","v":0}
{"name":"hexo","hostname":"amos-personal","pid":17482,"level":20,"msg":"Hexo version: \u001b[35m3.9.0\u001b[39m","time":"2019-06-30T00:11:05.283Z","v":0}
{"name":"hexo","hostname":"amos-personal","pid":17482,"level":20,"msg":"Working directory: \u001b[35m~/dev/amosbatista.com/texts/\u001b[39m","time":"2019-06-30T00:11:05.283Z","v":0}
{"name":"hexo","hostname":"amos-personal","pid":17482,"level":30,"msg":"Start processing","time":"2019-06-30T00:11:05.332Z","v":0}
{"name":"hexo","hostname":"amos-personal","pid":17482,"level":20,"msg":"Processed: \u001b[35m_posts/firstPost.md\u001b[39m","time":"2019-06-30T00:11:05.357Z","v":0}
{"name":"hexo","hostname":"amos-personal","pid":17482,"level":20,"msg":"Theme config loaded.","time":"2019-06-30T00:11:05.379Z","v":0}
{"name":"hexo","hostname":"amos-personal","pid":17482,"level":20,"msg":"Processed: \u001b[35m_config.yml\u001b[39m","time":"2019-06-30T00:11:05.379Z","v":0}
{"name":"hexo","hostname":"amos-personal","pid":17482,"level":20,"msg":"Processed: \u001b[35msource/css/style.styl\u001b[39m","time":"2019-06-30T00:11:05.381Z","v":0}
{"name":"hexo","hostname":"amos-personal","pid":17482,"level":20,"msg":"Processed: \u001b[35msource/fancybox/blank.gif\u001b[39m","time":"2019-06-30T00:11:05.382Z","v":0}
{"name":"hexo","hostname":"amos-personal","pid":17482,"level":20,"msg":"Processed: \u001b[35msource/fancybox/fancybox_loading.gif\u001b[39m","time":"2019-06-30T00:11:05.382Z","v":0}
{"name":"hexo","hostname":"amos-personal","pid":17482,"level":20,"msg":"Processed: \u001b[35msource/fancybox/fancybox_loading@2x.gif\u001b[39m","time":"2019-06-30T00:11:05.382Z","v":0}
{"name":"hexo","hostname":"amos-personal","pid":17482,"level":20,"msg":"Processed: \u001b[35msource/fancybox/fancybox_overlay.png\u001b[39m","time":"2019-06-30T00:11:05.383Z","v":0}
{"name":"hexo","hostname":"amos-personal","pid":17482,"level":20,"msg":"Processed: \u001b[35msource/fancybox/fancybox_sprite.png\u001b[39m","time":"2019-06-30T00:11:05.383Z","v":0}
{"name":"hexo","hostname":"amos-personal","pid":17482,"level":20,"msg":"Processed: \u001b[35msource/fancybox/fancybox_sprite@2x.png\u001b[39m","time":"2019-06-30T00:11:05.383Z","v":0}
{"name":"hexo","hostname":"amos-personal","pid":17482,"level":20,"msg":"Processed: \u001b[35msource/fancybox/jquery.fancybox.css\u001b[39m","time":"2019-06-30T00:11:05.384Z","v":0}
{"name":"hexo","hostname":"amos-personal","pid":17482,"level":20,"msg":"Processed: \u001b[35msource/fancybox/jquery.fancybox.js\u001b[39m","time":"2019-06-30T00:11:05.384Z","v":0}
{"name":"hexo","hostname":"amos-personal","pid":17482,"level":20,"msg":"Processed: \u001b[35msource/fancybox/jquery.fancybox.pack.js\u001b[39m","time":"2019-06-30T00:11:05.384Z","v":0}
{"name":"hexo","hostname":"amos-personal","pid":17482,"level":20,"msg":"Processed: \u001b[35msource/js/script.js\u001b[39m","time":"2019-06-30T00:11:05.384Z","v":0}
{"name":"hexo","hostname":"amos-personal","pid":17482,"level":20,"msg":"Processed: \u001b[35mlayout/archive.ejs\u001b[39m","time":"2019-06-30T00:11:05.396Z","v":0}
{"name":"hexo","hostname":"amos-personal","pid":17482,"level":20,"msg":"Processed: \u001b[35mlayout/category.ejs\u001b[39m","time":"2019-06-30T00:11:05.396Z","v":0}
{"name":"hexo","hostname":"amos-personal","pid":17482,"level":20,"msg":"Processed: \u001b[35mlayout/index.ejs\u001b[39m","time":"2019-06-30T00:11:05.396Z","v":0}
{"name":"hexo","hostname":"amos-personal","pid":17482,"level":20,"msg":"Processed: \u001b[35mlayout/layout.ejs\u001b[39m","time":"2019-06-30T00:11:05.396Z","v":0}
{"name":"hexo","hostname":"amos-personal","pid":17482,"level":20,"msg":"Processed: \u001b[35mlayout/page.ejs\u001b[39m","time":"2019-06-30T00:11:05.396Z","v":0}
{"name":"hexo","hostname":"amos-personal","pid":17482,"level":20,"msg":"Processed: \u001b[35mlayout/post.ejs\u001b[39m","time":"2019-06-30T00:11:05.396Z","v":0}
{"name":"hexo","hostname":"amos-personal","pid":17482,"level":20,"msg":"Processed: \u001b[35mlayout/tag.ejs\u001b[39m","time":"2019-06-30T00:11:05.396Z","v":0}
{"name":"hexo","hostname":"amos-personal","pid":17482,"level":20,"msg":"Processed: \u001b[35mlanguages/default.yml\u001b[39m","time":"2019-06-30T00:11:05.398Z","v":0}
{"name":"hexo","hostname":"amos-personal","pid":17482,"level":20,"msg":"Processed: \u001b[35mlanguages/de.yml\u001b[39m","time":"2019-06-30T00:11:05.398Z","v":0}
{"name":"hexo","hostname":"amos-personal","pid":17482,"level":20,"msg":"Processed: \u001b[35mlanguages/ja.yml\u001b[39m","time":"2019-06-30T00:11:05.398Z","v":0}
{"name":"hexo","hostname":"amos-personal","pid":17482,"level":20,"msg":"Processed: \u001b[35mlanguages/fr.yml\u001b[39m","time":"2019-06-30T00:11:05.398Z","v":0}
{"name":"hexo","hostname":"amos-personal","pid":17482,"level":20,"msg":"Processed: \u001b[35mlanguages/ko.yml\u001b[39m","time":"2019-06-30T00:11:05.398Z","v":0}
{"name":"hexo","hostname":"amos-personal","pid":17482,"level":20,"msg":"Processed: \u001b[35mlanguages/es.yml\u001b[39m","time":"2019-06-30T00:11:05.398Z","v":0}
{"name":"hexo","hostname":"amos-personal","pid":17482,"level":20,"msg":"Processed: \u001b[35mlanguages/no.yml\u001b[39m","time":"2019-06-30T00:11:05.398Z","v":0}
{"name":"hexo","hostname":"amos-personal","pid":17482,"level":20,"msg":"Processed: \u001b[35mlanguages/nl.yml\u001b[39m","time":"2019-06-30T00:11:05.398Z","v":0}
{"name":"hexo","hostname":"amos-personal","pid":17482,"level":20,"msg":"Processed: \u001b[35mlanguages/pt.yml\u001b[39m","time":"2019-06-30T00:11:05.398Z","v":0}
{"name":"hexo","hostname":"amos-personal","pid":17482,"level":20,"msg":"Processed: \u001b[35mlanguages/ru.yml\u001b[39m","time":"2019-06-30T00:11:05.398Z","v":0}
{"name":"hexo","hostname":"amos-personal","pid":17482,"level":20,"msg":"Processed: \u001b[35mlanguages/zh-CN.yml\u001b[39m","time":"2019-06-30T00:11:05.398Z","v":0}
{"name":"hexo","hostname":"amos-personal","pid":17482,"level":20,"msg":"Processed: \u001b[35mlanguages/zh-TW.yml\u001b[39m","time":"2019-06-30T00:11:05.398Z","v":0}
{"name":"hexo","hostname":"amos-personal","pid":17482,"level":20,"msg":"Processed: \u001b[35msource/css/fonts/FontAwesome.otf\u001b[39m","time":"2019-06-30T00:11:05.401Z","v":0}
{"name":"hexo","hostname":"amos-personal","pid":17482,"level":20,"msg":"Processed: \u001b[35msource/css/fonts/fontawesome-webfont.eot\u001b[39m","time":"2019-06-30T00:11:05.401Z","v":0}
{"name":"hexo","hostname":"amos-personal","pid":17482,"level":20,"msg":"Processed: \u001b[35msource/css/fonts/fontawesome-webfont.woff\u001b[39m","time":"2019-06-30T00:11:05.402Z","v":0}
{"name":"hexo","hostname":"amos-personal","pid":17482,"level":20,"msg":"Processed: \u001b[35msource/fancybox/helpers/fancybox_buttons.png\u001b[39m","time":"2019-06-30T00:11:05.402Z","v":0}
{"name":"hexo","hostname":"amos-personal","pid":17482,"level":20,"msg":"Processed: \u001b[35msource/fancybox/helpers/jquery.fancybox-buttons.css\u001b[39m","time":"2019-06-30T00:11:05.402Z","v":0}
{"name":"hexo","hostname":"amos-personal","pid":17482,"level":20,"msg":"Processed: \u001b[35msource/fancybox/helpers/jquery.fancybox-buttons.js\u001b[39m","time":"2019-06-30T00:11:05.403Z","v":0}
{"name":"hexo","hostname":"amos-personal","pid":17482,"level":20,"msg":"Processed: \u001b[35msource/fancybox/helpers/jquery.fancybox-media.js\u001b[39m","time":"2019-06-30T00:11:05.403Z","v":0}
{"name":"hexo","hostname":"amos-personal","pid":17482,"level":20,"msg":"Processed: \u001b[35msource/fancybox/helpers/jquery.fancybox-thumbs.css\u001b[39m","time":"2019-06-30T00:11:05.403Z","v":0}
{"name":"hexo","hostname":"amos-personal","pid":17482,"level":20,"msg":"Processed: \u001b[35msource/fancybox/helpers/jquery.fancybox-thumbs.js\u001b[39m","time":"2019-06-30T00:11:05.404Z","v":0}
{"name":"hexo","hostname":"amos-personal","pid":17482,"level":20,"msg":"Processed: \u001b[35mlayout/_partial/after-footer.ejs\u001b[39m","time":"2019-06-30T00:11:05.405Z","v":0}
{"name":"hexo","hostname":"amos-personal","pid":17482,"level":20,"msg":"Processed: \u001b[35mlayout/_partial/archive-post.ejs\u001b[39m","time":"2019-06-30T00:11:05.405Z","v":0}
{"name":"hexo","hostname":"amos-personal","pid":17482,"level":20,"msg":"Processed: \u001b[35mlayout/_partial/article.ejs\u001b[39m","time":"2019-06-30T00:11:05.405Z","v":0}
{"name":"hexo","hostname":"amos-personal","pid":17482,"level":20,"msg":"Processed: \u001b[35mlayout/_partial/archive.ejs\u001b[39m","time":"2019-06-30T00:11:05.406Z","v":0}
{"name":"hexo","hostname":"amos-personal","pid":17482,"level":20,"msg":"Processed: \u001b[35mlayout/_partial/footer.ejs\u001b[39m","time":"2019-06-30T00:11:05.406Z","v":0}
{"name":"hexo","hostname":"amos-personal","pid":17482,"level":20,"msg":"Processed: \u001b[35mlayout/_partial/gauges-analytics.ejs\u001b[39m","time":"2019-06-30T00:11:05.406Z","v":0}
{"name":"hexo","hostname":"amos-personal","pid":17482,"level":20,"msg":"Processed: \u001b[35mlayout/_partial/google-analytics.ejs\u001b[39m","time":"2019-06-30T00:11:05.406Z","v":0}
{"name":"hexo","hostname":"amos-personal","pid":17482,"level":20,"msg":"Processed: \u001b[35mlayout/_partial/head.ejs\u001b[39m","time":"2019-06-30T00:11:05.406Z","v":0}
{"name":"hexo","hostname":"amos-personal","pid":17482,"level":20,"msg":"Processed: \u001b[35mlayout/_partial/mobile-nav.ejs\u001b[39m","time":"2019-06-30T00:11:05.406Z","v":0}
{"name":"hexo","hostname":"amos-personal","pid":17482,"level":20,"msg":"Processed: \u001b[35mlayout/_partial/header.ejs\u001b[39m","time":"2019-06-30T00:11:05.406Z","v":0}
{"name":"hexo","hostname":"amos-personal","pid":17482,"level":20,"msg":"Processed: \u001b[35mlayout/_partial/sidebar.ejs\u001b[39m","time":"2019-06-30T00:11:05.406Z","v":0}
{"name":"hexo","hostname":"amos-personal","pid":17482,"level":20,"msg":"Processed: \u001b[35mlayout/_widget/archive.ejs\u001b[39m","time":"2019-06-30T00:11:05.406Z","v":0}
{"name":"hexo","hostname":"amos-personal","pid":17482,"level":20,"msg":"Processed: \u001b[35mlayout/_widget/recent_posts.ejs\u001b[39m","time":"2019-06-30T00:11:05.406Z","v":0}
{"name":"hexo","hostname":"amos-personal","pid":17482,"level":20,"msg":"Processed: \u001b[35mlayout/_widget/category.ejs\u001b[39m","time":"2019-06-30T00:11:05.406Z","v":0}
{"name":"hexo","hostname":"amos-personal","pid":17482,"level":20,"msg":"Processed: \u001b[35mlayout/_widget/tag.ejs\u001b[39m","time":"2019-06-30T00:11:05.406Z","v":0}
{"name":"hexo","hostname":"amos-personal","pid":17482,"level":20,"msg":"Processed: \u001b[35msource/css/fonts/fontawesome-webfont.ttf\u001b[39m","time":"2019-06-30T00:11:05.407Z","v":0}
{"name":"hexo","hostname":"amos-personal","pid":17482,"level":20,"msg":"Processed: \u001b[35mlayout/_widget/tagcloud.ejs\u001b[39m","time":"2019-06-30T00:11:05.407Z","v":0}
{"name":"hexo","hostname":"amos-personal","pid":17482,"level":20,"msg":"Processed: \u001b[35mlayout/_partial/post/category.ejs\u001b[39m","time":"2019-06-30T00:11:05.408Z","v":0}
{"name":"hexo","hostname":"amos-personal","pid":17482,"level":20,"msg":"Processed: \u001b[35mlayout/_partial/post/date.ejs\u001b[39m","time":"2019-06-30T00:11:05.409Z","v":0}
{"name":"hexo","hostname":"amos-personal","pid":17482,"level":20,"msg":"Processed: \u001b[35mlayout/_partial/post/nav.ejs\u001b[39m","time":"2019-06-30T00:11:05.409Z","v":0}
{"name":"hexo","hostname":"amos-personal","pid":17482,"level":20,"msg":"Processed: \u001b[35mlayout/_partial/post/tag.ejs\u001b[39m","time":"2019-06-30T00:11:05.409Z","v":0}
{"name":"hexo","hostname":"amos-personal","pid":17482,"level":20,"msg":"Processed: \u001b[35mlayout/_partial/post/gallery.ejs\u001b[39m","time":"2019-06-30T00:11:05.409Z","v":0}
{"name":"hexo","hostname":"amos-personal","pid":17482,"level":20,"msg":"Processed: \u001b[35mlayout/_partial/post/title.ejs\u001b[39m","time":"2019-06-30T00:11:05.409Z","v":0}
{"name":"hexo","hostname":"amos-personal","pid":17482,"level":20,"msg":"Processed: \u001b[35msource/css/fonts/fontawesome-webfont.svg\u001b[39m","time":"2019-06-30T00:11:05.409Z","v":0}
{"name":"hexo","hostname":"amos-personal","pid":17482,"level":20,"msg":"Processed: \u001b[35msource/css/images/banner.jpg\u001b[39m","time":"2019-06-30T00:11:05.410Z","v":0}
{"name":"hexo","hostname":"amos-personal","pid":17482,"level":20,"msg":"Generator: \u001b[35mpage\u001b[39m","time":"2019-06-30T00:11:05.414Z","v":0}
{"name":"hexo","hostname":"amos-personal","pid":17482,"level":20,"msg":"Generator: \u001b[35mpost\u001b[39m","time":"2019-06-30T00:11:05.414Z","v":0}
{"name":"hexo","hostname":"amos-personal","pid":17482,"level":20,"msg":"Generator: \u001b[35masset\u001b[39m","time":"2019-06-30T00:11:05.415Z","v":0}
{"name":"hexo","hostname":"amos-personal","pid":17520,"level":20,"msg":"Writing database to /home/amos/dev/amosbatista.com/texts/db.json","time":"2019-06-30T00:11:35.200Z","v":0}
{"name":"hexo","hostname":"amos-personal","pid":17520,"level":20,"msg":"Hexo version: \u001b[35m3.9.0\u001b[39m","time":"2019-06-30T00:11:35.212Z","v":0}
{"name":"hexo","hostname":"amos-personal","pid":17520,"level":20,"msg":"Working directory: \u001b[35m~/dev/amosbatista.com/texts/\u001b[39m","time":"2019-06-30T00:11:35.212Z","v":0}
{"name":"hexo","hostname":"amos-personal","pid":17546,"level":20,"msg":"Writing database to /home/amos/dev/amosbatista.com/texts/db.json","time":"2019-06-30T00:11:48.036Z","v":0}
{"name":"hexo","hostname":"amos-personal","pid":17546,"level":20,"msg":"Hexo version: \u001b[35m3.9.0\u001b[39m","time":"2019-06-30T00:11:48.045Z","v":0}
{"name":"hexo","hostname":"amos-personal","pid":17546,"level":20,"msg":"Working directory: \u001b[35m~/dev/amosbatista.com/texts/\u001b[39m","time":"2019-06-30T00:11:48.046Z","v":0}
{"name":"hexo","hostname":"amos-personal","pid":17546,"level":20,"msg":"Rendering post: \u001b[35mtexts/source/_posts/firstPost.md\u001b[39m","time":"2019-06-30T00:11:48.096Z","v":0}
{"name":"hexo","hostname":"amos-personal","pid":17667,"level":20,"msg":"Writing database to /home/amos/dev/amosbatista.com/texts/db.json","time":"2019-06-30T00:14:21.110Z","v":0}
{"name":"hexo","hostname":"amos-personal","pid":17667,"level":20,"msg":"Hexo version: \u001b[35m3.9.0\u001b[39m","time":"2019-06-30T00:14:21.119Z","v":0}
{"name":"hexo","hostname":"amos-personal","pid":17667,"level":20,"msg":"Working directory: \u001b[35m~/dev/amosbatista.com/texts/\u001b[39m","time":"2019-06-30T00:14:21.119Z","v":0}
{"name":"hexo","hostname":"amos-personal","pid":17693,"level":20,"msg":"Writing database to /home/amos/dev/amosbatista.com/texts/db.json","time":"2019-06-30T00:14:29.719Z","v":0}
{"name":"hexo","hostname":"amos-personal","pid":17693,"level":20,"msg":"Hexo version: \u001b[35m3.9.0\u001b[39m","time":"2019-06-30T00:14:29.728Z","v":0}
{"name":"hexo","hostname":"amos-personal","pid":17693,"level":20,"msg":"Working directory: \u001b[35m~/dev/amosbatista.com/texts/\u001b[39m","time":"2019-06-30T00:14:29.729Z","v":0}
{"name":"hexo","hostname":"amos-personal","pid":17731,"level":20,"msg":"Writing database to /home/amos/dev/amosbatista.com/texts/db.json","time":"2019-06-30T00:14:52.961Z","v":0}
{"name":"hexo","hostname":"amos-personal","pid":17731,"level":20,"msg":"Hexo version: \u001b[35m3.9.0\u001b[39m","time":"2019-06-30T00:14:52.970Z","v":0}
{"name":"hexo","hostname":"amos-personal","pid":17731,"level":20,"msg":"Working directory: \u001b[35m~/dev/amosbatista.com/texts/\u001b[39m","time":"2019-06-30T00:14:52.971Z","v":0}
{"name":"hexo","hostname":"amos-personal","pid":17760,"level":20,"msg":"Writing database to /home/amos/dev/amosbatista.com/texts/db.json","time":"2019-06-30T00:15:03.379Z","v":0}
{"name":"hexo","hostname":"amos-personal","pid":17760,"level":20,"msg":"Hexo version: \u001b[35m3.9.0\u001b[39m","time":"2019-06-30T00:15:03.394Z","v":0}
{"name":"hexo","hostname":"amos-personal","pid":17760,"level":20,"msg":"Working directory: \u001b[35m~/dev/amosbatista.com/texts/\u001b[39m","time":"2019-06-30T00:15:03.395Z","v":0}
{"name":"hexo","hostname":"amos-personal","pid":17760,"level":20,"msg":"Rendering post: \u001b[35mtexts/source/_posts/firstPost.md\u001b[39m","time":"2019-06-30T00:15:03.452Z","v":0}
{"name":"hexo","hostname":"amos-personal","pid":17994,"level":20,"msg":"Writing database to /home/amos/dev/amosbatista.com/texts/db.json","time":"2019-06-30T00:16:42.157Z","v":0}
{"name":"hexo","hostname":"amos-personal","pid":17994,"level":20,"msg":"Hexo version: \u001b[35m3.9.0\u001b[39m","time":"2019-06-30T00:16:42.169Z","v":0}
{"name":"hexo","hostname":"amos-personal","pid":17994,"level":20,"msg":"Working directory: \u001b[35m~/dev/amosbatista.com/texts/\u001b[39m","time":"2019-06-30T00:16:42.170Z","v":0}
{"name":"hexo","hostname":"amos-personal","pid":18023,"level":20,"msg":"Writing database to /home/amos/dev/amosbatista.com/texts/db.json","time":"2019-06-30T00:16:53.349Z","v":0}
{"name":"hexo","hostname":"amos-personal","pid":18023,"level":20,"msg":"Hexo version: \u001b[35m3.9.0\u001b[39m","time":"2019-06-30T00:16:53.358Z","v":0}
{"name":"hexo","hostname":"amos-personal","pid":18023,"level":20,"msg":"Working directory: \u001b[35m~/dev/amosbatista.com/texts/\u001b[39m","time":"2019-06-30T00:16:53.358Z","v":0}
{"name":"hexo","hostname":"amos-personal","pid":18276,"level":20,"msg":"Writing database to /home/amos/dev/amosbatista.com/texts/db.json","time":"2019-06-30T00:21:37.358Z","v":0}
{"name":"hexo","hostname":"amos-personal","pid":18276,"level":20,"msg":"Hexo version: \u001b[35m3.9.0\u001b[39m","time":"2019-06-30T00:21:37.370Z","v":0}
{"name":"hexo","hostname":"amos-personal","pid":18276,"level":20,"msg":"Working directory: \u001b[35m~/dev/amosbatista.com/texts/\u001b[39m","time":"2019-06-30T00:21:37.370Z","v":0}
